<?xml version="1.0" encoding="UTF-8"?>
<!-- Generated by org.testng.reporters.JUnitReportReporter -->
<testsuite skipped="0" hostname="PL5440-BYWN542" name="example.NewTest" tests="1" failures="0" timestamp="07 Jan 2019 10:15:45 GMT" time="20.089" errors="0">
  <testcase name="testEasy" time="20.089" classname="example.NewTest"/>
</testsuite> <!-- example.NewTest -->
